<?xml version="1.0" encoding="UTF-8" ?>
<testsuite tests="2" failures="0" name="more.example.mock.BillDelayNotificationSpec" time="0.017" errors="0" skipped="0">
  <properties>
    <property name="idea.version" value="2017.1.4"/>
    <property name="java.runtime.name" value="Java(TM) SE Runtime Environment"/>
    <property name="sun.boot.library.path" value="C:\Localdata\Java\jdk1.8.0_144\jre\bin"/>
    <property name="java.vm.version" value="25.144-b01"/>
    <property name="java.vm.vendor" value="Oracle Corporation"/>
    <property name="java.vendor.url" value="http://java.oracle.com/"/>
    <property name="path.separator" value=";"/>
    <property name="java.vm.name" value="Java HotSpot(TM) 64-Bit Server VM"/>
    <property name="file.encoding.pkg" value="sun.io"/>
    <property name="user.script" value=""/>
    <property name="user.country" value="US"/>
    <property name="sun.java.launcher" value="SUN_STANDARD"/>
    <property name="sun.os.patch.level" value="Service Pack 1"/>
    <property name="java.vm.specification.name" value="Java Virtual Machine Specification"/>
    <property name="user.dir" value="C:\Localdata\projects\MCA\MockingAndStubbing"/>
    <property name="java.runtime.version" value="1.8.0_144-b01"/>
    <property name="java.awt.graphicsenv" value="sun.awt.Win32GraphicsEnvironment"/>
    <property name="basedir" value="C:\Localdata\projects\MCA\MockingAndStubbing"/>
    <property name="java.endorsed.dirs" value="C:\Localdata\Java\jdk1.8.0_144\jre\lib\endorsed"/>
    <property name="os.arch" value="amd64"/>
    <property name="surefire.real.class.path" value="C:\Users\deprasad\AppData\Local\Temp\surefirebooter7552804920058909293.jar"/>
    <property name="java.io.tmpdir" value="C:\Users\deprasad\AppData\Local\Temp\"/>
    <property name="line.separator" value="
"/>
    <property name="java.vm.specification.vendor" value="Oracle Corporation"/>
    <property name="user.variant" value=""/>
    <property name="os.name" value="Windows 7"/>
    <property name="sun.jnu.encoding" value="Cp1252"/>
    <property name="java.library.path" value="C:\Localdata\Java\jdk1.8.0_144\jre\bin;C:\WINDOWS\Sun\Java\bin;C:\WINDOWS\system32;C:\WINDOWS;C:\oraclexe\app\oracle\product\11.2.0\server\bin;;C:\ProgramData\Oracle\Java\javapath;C:\WINDOWS\system32;C:\WINDOWS;C:\WINDOWS\System32\Wbem;C:\WINDOWS\System32\WindowsPowerShell\v1.0\;C:\Program Files (x86)\Riverbed\Steelhead Mobile\;C:\Programs\Siemens\TC101\OfficeClient;C:\Localdata\chefdk\bin\;JAVA_HOME\bin;C:\Localdata\Git\cmd;C:\Localdata\PuTTY\;C:\Localdata\apache-maven-3.3.9\bin;C:\Localdata\HashiCorp\Vagran\bin;C:\Localdata\cygwin64\bin;C:\Localdata\SpringBoot\Cloud Foundry;C:\Program Files (x86)\Yarn\bin\;C:\Program Files\nodejs\;C:\Program Files\TortoiseSVN\bin;C:\Program Files\Microsoft VS Code\bin;C:\Users\deprasad\AppData\Roaming\npm;C:\Program Files\Microsoft VS Code\bin;."/>
    <property name="surefire.test.class.path" value="C:\Localdata\projects\MCA\MockingAndStubbing\target\test-classes;C:\Localdata\projects\MCA\MockingAndStubbing\target\classes;C:\Users\deprasad\.m2\repository\org\hibernate\hibernate-annotations\3.5.6-Final\hibernate-annotations-3.5.6-Final.jar;C:\Users\deprasad\.m2\repository\org\hibernate\hibernate-core\3.5.6-Final\hibernate-core-3.5.6-Final.jar;C:\Users\deprasad\.m2\repository\antlr\antlr\2.7.6\antlr-2.7.6.jar;C:\Users\deprasad\.m2\repository\commons-collections\commons-collections\3.1\commons-collections-3.1.jar;C:\Users\deprasad\.m2\repository\dom4j\dom4j\1.6.1\dom4j-1.6.1.jar;C:\Users\deprasad\.m2\repository\xml-apis\xml-apis\1.0.b2\xml-apis-1.0.b2.jar;C:\Users\deprasad\.m2\repository\javax\transaction\jta\1.1\jta-1.1.jar;C:\Users\deprasad\.m2\repository\org\hibernate\hibernate-commons-annotations\3.2.0.Final\hibernate-commons-annotations-3.2.0.Final.jar;C:\Users\deprasad\.m2\repository\org\hibernate\javax\persistence\hibernate-jpa-2.0-api\1.0.0.Final\hibernate-jpa-2.0-api-1.0.0.Final.jar;C:\Users\deprasad\.m2\repository\org\slf4j\slf4j-api\1.5.8\slf4j-api-1.5.8.jar;C:\Users\deprasad\.m2\repository\org\projectlombok\lombok\1.18.0\lombok-1.18.0.jar;C:\Users\deprasad\.m2\repository\org\spockframework\spock-core\1.1-groovy-2.4\spock-core-1.1-groovy-2.4.jar;C:\Users\deprasad\.m2\repository\junit\junit\4.12\junit-4.12.jar;C:\Users\deprasad\.m2\repository\org\hamcrest\hamcrest-core\1.3\hamcrest-core-1.3.jar;C:\Users\deprasad\.m2\repository\org\codehaus\groovy\groovy-all\2.4.13\groovy-all-2.4.13.jar;"/>
    <property name="java.specification.name" value="Java Platform API Specification"/>
    <property name="java.class.version" value="52.0"/>
    <property name="java.net.preferIPv4Stack" value="true"/>
    <property name="sun.management.compiler" value="HotSpot 64-Bit Tiered Compilers"/>
    <property name="os.version" value="6.1"/>
    <property name="user.home" value="C:\Users\deprasad"/>
    <property name="user.timezone" value=""/>
    <property name="java.awt.printerjob" value="sun.awt.windows.WPrinterJob"/>
    <property name="java.specification.version" value="1.8"/>
    <property name="file.encoding" value="Cp1252"/>
    <property name="user.name" value="deprasad"/>
    <property name="java.class.path" value="C:\Localdata\projects\MCA\MockingAndStubbing\target\test-classes;C:\Localdata\projects\MCA\MockingAndStubbing\target\classes;C:\Users\deprasad\.m2\repository\org\hibernate\hibernate-annotations\3.5.6-Final\hibernate-annotations-3.5.6-Final.jar;C:\Users\deprasad\.m2\repository\org\hibernate\hibernate-core\3.5.6-Final\hibernate-core-3.5.6-Final.jar;C:\Users\deprasad\.m2\repository\antlr\antlr\2.7.6\antlr-2.7.6.jar;C:\Users\deprasad\.m2\repository\commons-collections\commons-collections\3.1\commons-collections-3.1.jar;C:\Users\deprasad\.m2\repository\dom4j\dom4j\1.6.1\dom4j-1.6.1.jar;C:\Users\deprasad\.m2\repository\xml-apis\xml-apis\1.0.b2\xml-apis-1.0.b2.jar;C:\Users\deprasad\.m2\repository\javax\transaction\jta\1.1\jta-1.1.jar;C:\Users\deprasad\.m2\repository\org\hibernate\hibernate-commons-annotations\3.2.0.Final\hibernate-commons-annotations-3.2.0.Final.jar;C:\Users\deprasad\.m2\repository\org\hibernate\javax\persistence\hibernate-jpa-2.0-api\1.0.0.Final\hibernate-jpa-2.0-api-1.0.0.Final.jar;C:\Users\deprasad\.m2\repository\org\slf4j\slf4j-api\1.5.8\slf4j-api-1.5.8.jar;C:\Users\deprasad\.m2\repository\org\projectlombok\lombok\1.18.0\lombok-1.18.0.jar;C:\Users\deprasad\.m2\repository\org\spockframework\spock-core\1.1-groovy-2.4\spock-core-1.1-groovy-2.4.jar;C:\Users\deprasad\.m2\repository\junit\junit\4.12\junit-4.12.jar;C:\Users\deprasad\.m2\repository\org\hamcrest\hamcrest-core\1.3\hamcrest-core-1.3.jar;C:\Users\deprasad\.m2\repository\org\codehaus\groovy\groovy-all\2.4.13\groovy-all-2.4.13.jar;"/>
    <property name="java.vm.specification.version" value="1.8"/>
    <property name="sun.arch.data.model" value="64"/>
    <property name="java.home" value="C:\Localdata\Java\jdk1.8.0_144\jre"/>
    <property name="sun.java.command" value="C:\Users\deprasad\AppData\Local\Temp\surefirebooter7552804920058909293.jar C:\Users\deprasad\AppData\Local\Temp\surefire1861117621722392791tmp C:\Users\deprasad\AppData\Local\Temp\surefire5091368004821224854tmp"/>
    <property name="java.specification.vendor" value="Oracle Corporation"/>
    <property name="user.language" value="en"/>
    <property name="awt.toolkit" value="sun.awt.windows.WToolkit"/>
    <property name="java.vm.info" value="mixed mode"/>
    <property name="java.version" value="1.8.0_144"/>
    <property name="java.ext.dirs" value="C:\Localdata\Java\jdk1.8.0_144\jre\lib\ext;C:\WINDOWS\Sun\Java\lib\ext"/>
    <property name="sun.boot.class.path" value="C:\Localdata\Java\jdk1.8.0_144\jre\lib\resources.jar;C:\Localdata\Java\jdk1.8.0_144\jre\lib\rt.jar;C:\Localdata\Java\jdk1.8.0_144\jre\lib\sunrsasign.jar;C:\Localdata\Java\jdk1.8.0_144\jre\lib\jsse.jar;C:\Localdata\Java\jdk1.8.0_144\jre\lib\jce.jar;C:\Localdata\Java\jdk1.8.0_144\jre\lib\charsets.jar;C:\Localdata\Java\jdk1.8.0_144\jre\lib\jfr.jar;C:\Localdata\Java\jdk1.8.0_144\jre\classes"/>
    <property name="java.vendor" value="Oracle Corporation"/>
    <property name="localRepository" value="C:\Users\deprasad\.m2\repository"/>
    <property name="file.separator" value="\"/>
    <property name="java.vendor.url.bug" value="http://bugreport.sun.com/bugreport/"/>
    <property name="sun.cpu.endian" value="little"/>
    <property name="sun.io.unicode.encoding" value="UnicodeLittle"/>
    <property name="sun.desktop" value="windows"/>
    <property name="sun.cpu.isalist" value="amd64"/>
  </properties>
  <testcase classname="more.example.mock.BillDelayNotificationSpec" name="a delay in invoice should trigger an email" time="0.01"/>
  <testcase classname="more.example.mock.BillDelayNotificationSpec" name="no late invoices" time="0.001"/>
</testsuite>